;  LST file generated by mikroListExporter - v.2.0 
; Date/Time: 17/04/2024 10:59:29 pm
;----------------------------------------------

;Address Opcode 	ASM
0x0000	0x2890      	GOTO       144
_____DoICP:
;__Lib_System.c,6 :: 		
;__Lib_System.c,9 :: 		
0x0003	0x1283      	BCF        STATUS, 5
0x0004	0x1303      	BCF        STATUS, 6
0x0005	0x084D      	MOVF       ___DoICPAddr+1, 0
0x0006	0x008A      	MOVWF      PCLATH
;__Lib_System.c,10 :: 		
0x0007	0x084C      	MOVF       ___DoICPAddr, 0
0x0008	0x0082      	MOVWF      PCL
;__Lib_System.c,12 :: 		
L_end_____DoICP:
0x0009	0x0008      	RETURN
; end of _____DoICP
___CC2DW:
;__Lib_System.c,134 :: 		
;__Lib_System.c,137 :: 		
_CC2D_Loop1:
;__Lib_System.c,139 :: 		
0x000A	0x2003      	CALL       _____DoICP
0x000B	0x118A      	BCF        PCLATH, 3
0x000C	0x120A      	BCF        PCLATH, 4
;__Lib_System.c,141 :: 		
0x000D	0x0080      	MOVWF      INDF
;__Lib_System.c,142 :: 		
0x000E	0x0A84      	INCF       FSR, 1
;__Lib_System.c,143 :: 		
0x000F	0x0ACC      	INCF       ___DoICPAddr, 1
;__Lib_System.c,145 :: 		
0x0010	0x1903      	BTFSC      STATUS, 2
;__Lib_System.c,146 :: 		
0x0011	0x0ACD      	INCF       ___DoICPAddr+1, 1
;__Lib_System.c,147 :: 		
0x0012	0x03F0      	DECF       R0, 1
;__Lib_System.c,149 :: 		
0x0013	0x1D03      	BTFSS      STATUS, 2
;__Lib_System.c,150 :: 		
0x0014	0x280A      	GOTO       _CC2D_Loop1
;__Lib_System.c,152 :: 		
L_end___CC2DW:
0x0015	0x0008      	RETURN
; end of ___CC2DW
_display:
;project_1.c,17 :: 		void display() {
;project_1.c,18 :: 		PORTD = 0X3F;
0x0016	0x303F      	MOVLW      63
0x0017	0x1283      	BCF        STATUS, 5
0x0018	0x1303      	BCF        STATUS, 6
0x0019	0x0088      	MOVWF      PORTD
;project_1.c,19 :: 		PORTC = sevenSeg[secondsTens];
0x001A	0x0820      	MOVF       _secondsTens, 0
0x001B	0x00F0      	MOVWF      R0
0x001C	0x0821      	MOVF       _secondsTens+1, 0
0x001D	0x00F1      	MOVWF      R0+1
0x001E	0x0DF0      	RLF        R0, 1
0x001F	0x0DF1      	RLF        R0+1, 1
0x0020	0x1070      	BCF        R0, 0
0x0021	0x0870      	MOVF       R0, 0
0x0022	0x3E38      	ADDLW      _sevenSeg
0x0023	0x0084      	MOVWF      FSR
0x0024	0x0800      	MOVF       INDF, 0
0x0025	0x0087      	MOVWF      PORTC
;project_1.c,20 :: 		PORTD = 0X2F;
0x0026	0x302F      	MOVLW      47
0x0027	0x0088      	MOVWF      PORTD
;project_1.c,21 :: 		PORTD = 0X3F;
0x0028	0x303F      	MOVLW      63
0x0029	0x0088      	MOVWF      PORTD
;project_1.c,22 :: 		PORTC = sevenSeg[secondsOnes];
0x002A	0x0826      	MOVF       _secondsOnes, 0
0x002B	0x00F0      	MOVWF      R0
0x002C	0x0827      	MOVF       _secondsOnes+1, 0
0x002D	0x00F1      	MOVWF      R0+1
0x002E	0x0DF0      	RLF        R0, 1
0x002F	0x0DF1      	RLF        R0+1, 1
0x0030	0x1070      	BCF        R0, 0
0x0031	0x0870      	MOVF       R0, 0
0x0032	0x3E38      	ADDLW      _sevenSeg
0x0033	0x0084      	MOVWF      FSR
0x0034	0x0800      	MOVF       INDF, 0
0x0035	0x0087      	MOVWF      PORTC
;project_1.c,23 :: 		PORTD = 0X1F;
0x0036	0x301F      	MOVLW      31
0x0037	0x0088      	MOVWF      PORTD
;project_1.c,24 :: 		PORTD = 0X3F;
0x0038	0x303F      	MOVLW      63
0x0039	0x0088      	MOVWF      PORTD
;project_1.c,25 :: 		PORTC = sevenSeg[minutesOnes];
0x003A	0x0822      	MOVF       _minutesOnes, 0
0x003B	0x00F0      	MOVWF      R0
0x003C	0x0823      	MOVF       _minutesOnes+1, 0
0x003D	0x00F1      	MOVWF      R0+1
0x003E	0x0DF0      	RLF        R0, 1
0x003F	0x0DF1      	RLF        R0+1, 1
0x0040	0x1070      	BCF        R0, 0
0x0041	0x0870      	MOVF       R0, 0
0x0042	0x3E38      	ADDLW      _sevenSeg
0x0043	0x0084      	MOVWF      FSR
0x0044	0x0800      	MOVF       INDF, 0
0x0045	0x0087      	MOVWF      PORTC
;project_1.c,26 :: 		PORTD = 0X3E;
0x0046	0x303E      	MOVLW      62
0x0047	0x0088      	MOVWF      PORTD
;project_1.c,27 :: 		PORTD = 0X3F;
0x0048	0x303F      	MOVLW      63
0x0049	0x0088      	MOVWF      PORTD
;project_1.c,28 :: 		PORTC = sevenSeg[minutesTens];
0x004A	0x082A      	MOVF       _minutesTens, 0
0x004B	0x00F0      	MOVWF      R0
0x004C	0x082B      	MOVF       _minutesTens+1, 0
0x004D	0x00F1      	MOVWF      R0+1
0x004E	0x0DF0      	RLF        R0, 1
0x004F	0x0DF1      	RLF        R0+1, 1
0x0050	0x1070      	BCF        R0, 0
0x0051	0x0870      	MOVF       R0, 0
0x0052	0x3E38      	ADDLW      _sevenSeg
0x0053	0x0084      	MOVWF      FSR
0x0054	0x0800      	MOVF       INDF, 0
0x0055	0x0087      	MOVWF      PORTC
;project_1.c,29 :: 		PORTD = 0X3D;
0x0056	0x303D      	MOVLW      61
0x0057	0x0088      	MOVWF      PORTD
;project_1.c,30 :: 		PORTD = 0X3F;
0x0058	0x303F      	MOVLW      63
0x0059	0x0088      	MOVWF      PORTD
;project_1.c,31 :: 		PORTC = sevenSeg[hoursOnes];
0x005A	0x082C      	MOVF       _hoursOnes, 0
0x005B	0x00F0      	MOVWF      R0
0x005C	0x082D      	MOVF       _hoursOnes+1, 0
0x005D	0x00F1      	MOVWF      R0+1
0x005E	0x0DF0      	RLF        R0, 1
0x005F	0x0DF1      	RLF        R0+1, 1
0x0060	0x1070      	BCF        R0, 0
0x0061	0x0870      	MOVF       R0, 0
0x0062	0x3E38      	ADDLW      _sevenSeg
0x0063	0x0084      	MOVWF      FSR
0x0064	0x0800      	MOVF       INDF, 0
0x0065	0x0087      	MOVWF      PORTC
;project_1.c,32 :: 		PORTD = 0X3B;
0x0066	0x303B      	MOVLW      59
0x0067	0x0088      	MOVWF      PORTD
;project_1.c,33 :: 		PORTD = 0X3F;
0x0068	0x303F      	MOVLW      63
0x0069	0x0088      	MOVWF      PORTD
;project_1.c,34 :: 		PORTC = sevenSeg[hoursTens];
0x006A	0x0828      	MOVF       _hoursTens, 0
0x006B	0x00F0      	MOVWF      R0
0x006C	0x0829      	MOVF       _hoursTens+1, 0
0x006D	0x00F1      	MOVWF      R0+1
0x006E	0x0DF0      	RLF        R0, 1
0x006F	0x0DF1      	RLF        R0+1, 1
0x0070	0x1070      	BCF        R0, 0
0x0071	0x0870      	MOVF       R0, 0
0x0072	0x3E38      	ADDLW      _sevenSeg
0x0073	0x0084      	MOVWF      FSR
0x0074	0x0800      	MOVF       INDF, 0
0x0075	0x0087      	MOVWF      PORTC
;project_1.c,35 :: 		PORTD = 0X37;
0x0076	0x3037      	MOVLW      55
0x0077	0x0088      	MOVWF      PORTD
;project_1.c,36 :: 		PORTD = 0X3F;
0x0078	0x303F      	MOVLW      63
0x0079	0x0088      	MOVWF      PORTD
;project_1.c,37 :: 		}
L_end_display:
0x007A	0x0008      	RETURN
; end of _display
_reset:
;project_1.c,39 :: 		void reset(void){
;project_1.c,40 :: 		hoursTens = 0;
0x007B	0x1283      	BCF        STATUS, 5
0x007C	0x1303      	BCF        STATUS, 6
0x007D	0x01A8      	CLRF       _hoursTens
0x007E	0x01A9      	CLRF       _hoursTens+1
;project_1.c,41 :: 		hoursOnes = 0;
0x007F	0x01AC      	CLRF       _hoursOnes
0x0080	0x01AD      	CLRF       _hoursOnes+1
;project_1.c,42 :: 		minutesTens = 0;
0x0081	0x01AA      	CLRF       _minutesTens
0x0082	0x01AB      	CLRF       _minutesTens+1
;project_1.c,43 :: 		minutesOnes = 0;
0x0083	0x01A2      	CLRF       _minutesOnes
0x0084	0x01A3      	CLRF       _minutesOnes+1
;project_1.c,44 :: 		secondsTens = 0;
0x0085	0x01A0      	CLRF       _secondsTens
0x0086	0x01A1      	CLRF       _secondsTens+1
;project_1.c,45 :: 		secondsOnes = 0;
0x0087	0x01A6      	CLRF       _secondsOnes
0x0088	0x01A7      	CLRF       _secondsOnes+1
;project_1.c,46 :: 		milliseconds = 0;
0x0089	0x01A4      	CLRF       _milliseconds
0x008A	0x01A5      	CLRF       _milliseconds+1
;project_1.c,47 :: 		format = 0;
0x008B	0x01B6      	CLRF       _format
0x008C	0x01B7      	CLRF       _format+1
;project_1.c,48 :: 		counter = 0;
0x008D	0x01B4      	CLRF       _counter
0x008E	0x01B5      	CLRF       _counter+1
;project_1.c,49 :: 		}
L_end_reset:
0x008F	0x0008      	RETURN
; end of _reset
_main:
0x0090	0x2264      	CALL       612
;project_1.c,51 :: 		void main(void) {
;project_1.c,52 :: 		TRISB = 0x0F;
0x0091	0x300F      	MOVLW      15
0x0092	0x1683      	BSF        STATUS, 5
0x0093	0x1303      	BCF        STATUS, 6
0x0094	0x0086      	MOVWF      TRISB
;project_1.c,56 :: 		TRISC = 0x00;
0x0095	0x0187      	CLRF       TRISC
;project_1.c,57 :: 		TRISD = 0x00;
0x0096	0x0188      	CLRF       TRISD
;project_1.c,59 :: 		while(1) {
L_main0:
;project_1.c,60 :: 		if(PORTB.RB0 == 1){
0x0097	0x1283      	BCF        STATUS, 5
0x0098	0x1C06      	BTFSS      PORTB, 0
0x0099	0x28C4      	GOTO       L_main2
;project_1.c,61 :: 		delay_ms(50); // all delay_ms instances are for software debounce
0x009A	0x3082      	MOVLW      130
0x009B	0x00FC      	MOVWF      R12
0x009C	0x30DD      	MOVLW      221
0x009D	0x00FD      	MOVWF      R13
L_main3:
0x009E	0x0BFD      	DECFSZ     R13, 1
0x009F	0x289E      	GOTO       L_main3
0x00A0	0x0BFC      	DECFSZ     R12, 1
0x00A1	0x289E      	GOTO       L_main3
0x00A2	0x0000      	NOP
0x00A3	0x0000      	NOP
;project_1.c,62 :: 		if(PORTB.RB0 == 1){
0x00A4	0x1C06      	BTFSS      PORTB, 0
0x00A5	0x28C4      	GOTO       L_main4
;project_1.c,63 :: 		on = 0;
0x00A6	0x01AE      	CLRF       _on
0x00A7	0x01AF      	CLRF       _on+1
;project_1.c,64 :: 		while(on == 0){
L_main5:
0x00A8	0x3000      	MOVLW      0
0x00A9	0x062F      	XORWF      _on+1, 0
0x00AA	0x1D03      	BTFSS      STATUS, 2
0x00AB	0x28AE      	GOTO       L__main62
0x00AC	0x3000      	MOVLW      0
0x00AD	0x062E      	XORWF      _on, 0
L__main62:
0x00AE	0x1D03      	BTFSS      STATUS, 2
0x00AF	0x28C4      	GOTO       L_main6
;project_1.c,65 :: 		if(PORTB.RB0 == 1){
0x00B0	0x1C06      	BTFSS      PORTB, 0
0x00B1	0x28C3      	GOTO       L_main7
;project_1.c,66 :: 		delay_ms(50);
0x00B2	0x3082      	MOVLW      130
0x00B3	0x00FC      	MOVWF      R12
0x00B4	0x30DD      	MOVLW      221
0x00B5	0x00FD      	MOVWF      R13
L_main8:
0x00B6	0x0BFD      	DECFSZ     R13, 1
0x00B7	0x28B6      	GOTO       L_main8
0x00B8	0x0BFC      	DECFSZ     R12, 1
0x00B9	0x28B6      	GOTO       L_main8
0x00BA	0x0000      	NOP
0x00BB	0x0000      	NOP
;project_1.c,67 :: 		if(PORTB.RB0 == 1){
0x00BC	0x1C06      	BTFSS      PORTB, 0
0x00BD	0x28C3      	GOTO       L_main9
;project_1.c,68 :: 		reset();
0x00BE	0x207B      	CALL       _reset
;project_1.c,69 :: 		on = 1;
0x00BF	0x3001      	MOVLW      1
0x00C0	0x00AE      	MOVWF      _on
0x00C1	0x3000      	MOVLW      0
0x00C2	0x00AF      	MOVWF      _on+1
;project_1.c,70 :: 		}
L_main9:
;project_1.c,71 :: 		}
L_main7:
;project_1.c,72 :: 		}
0x00C3	0x28A8      	GOTO       L_main5
L_main6:
;project_1.c,73 :: 		}
L_main4:
;project_1.c,74 :: 		}
L_main2:
;project_1.c,75 :: 		if(PORTB.RB1 == 1){
0x00C4	0x1C86      	BTFSS      PORTB, 1
0x00C5	0x28C7      	GOTO       L_main10
;project_1.c,76 :: 		reset();
0x00C6	0x207B      	CALL       _reset
;project_1.c,77 :: 		}
L_main10:
;project_1.c,78 :: 		if(PORTB.RB2 == 1){
0x00C7	0x1D06      	BTFSS      PORTB, 2
0x00C8	0x291D      	GOTO       L_main11
;project_1.c,79 :: 		delay_ms(50);
0x00C9	0x3082      	MOVLW      130
0x00CA	0x00FC      	MOVWF      R12
0x00CB	0x30DD      	MOVLW      221
0x00CC	0x00FD      	MOVWF      R13
L_main12:
0x00CD	0x0BFD      	DECFSZ     R13, 1
0x00CE	0x28CD      	GOTO       L_main12
0x00CF	0x0BFC      	DECFSZ     R12, 1
0x00D0	0x28CD      	GOTO       L_main12
0x00D1	0x0000      	NOP
0x00D2	0x0000      	NOP
;project_1.c,80 :: 		if(PORTB.RB2 == 1){
0x00D3	0x1D06      	BTFSS      PORTB, 2
0x00D4	0x291D      	GOTO       L_main13
;project_1.c,81 :: 		if(format == 0){
0x00D5	0x3000      	MOVLW      0
0x00D6	0x0637      	XORWF      _format+1, 0
0x00D7	0x1D03      	BTFSS      STATUS, 2
0x00D8	0x28DB      	GOTO       L__main63
0x00D9	0x3000      	MOVLW      0
0x00DA	0x0636      	XORWF      _format, 0
L__main63:
0x00DB	0x1D03      	BTFSS      STATUS, 2
0x00DC	0x28F1      	GOTO       L_main14
;project_1.c,82 :: 		if(period == 1){
0x00DD	0x3000      	MOVLW      0
0x00DE	0x0633      	XORWF      _period+1, 0
0x00DF	0x1D03      	BTFSS      STATUS, 2
0x00E0	0x28E3      	GOTO       L__main64
0x00E1	0x3001      	MOVLW      1
0x00E2	0x0632      	XORWF      _period, 0
L__main64:
0x00E3	0x1D03      	BTFSS      STATUS, 2
0x00E4	0x28F0      	GOTO       L_main15
;project_1.c,83 :: 		hoursTens = hoursTens + 1;
0x00E5	0x0AA8      	INCF       _hoursTens, 1
0x00E6	0x1903      	BTFSC      STATUS, 2
0x00E7	0x0AA9      	INCF       _hoursTens+1, 1
;project_1.c,84 :: 		hoursOnes = hoursOnes + 2;
0x00E8	0x3002      	MOVLW      2
0x00E9	0x07AC      	ADDWF      _hoursOnes, 1
0x00EA	0x1803      	BTFSC      STATUS, 0
0x00EB	0x0AAD      	INCF       _hoursOnes+1, 1
;project_1.c,85 :: 		format = 1;
0x00EC	0x3001      	MOVLW      1
0x00ED	0x00B6      	MOVWF      _format
0x00EE	0x3000      	MOVLW      0
0x00EF	0x00B7      	MOVWF      _format+1
;project_1.c,86 :: 		}
L_main15:
;project_1.c,87 :: 		} else if (format == 1){
0x00F0	0x291D      	GOTO       L_main16
L_main14:
0x00F1	0x3000      	MOVLW      0
0x00F2	0x0637      	XORWF      _format+1, 0
0x00F3	0x1D03      	BTFSS      STATUS, 2
0x00F4	0x28F7      	GOTO       L__main65
0x00F5	0x3001      	MOVLW      1
0x00F6	0x0636      	XORWF      _format, 0
L__main65:
0x00F7	0x1D03      	BTFSS      STATUS, 2
0x00F8	0x291D      	GOTO       L_main17
;project_1.c,88 :: 		if(hoursTens >= 1 && hoursOnes > 2){
0x00F9	0x3080      	MOVLW      128
0x00FA	0x0629      	XORWF      _hoursTens+1, 0
0x00FB	0x00F0      	MOVWF      R0
0x00FC	0x3080      	MOVLW      128
0x00FD	0x0270      	SUBWF      R0, 0
0x00FE	0x1D03      	BTFSS      STATUS, 2
0x00FF	0x2902      	GOTO       L__main66
0x0100	0x3001      	MOVLW      1
0x0101	0x0228      	SUBWF      _hoursTens, 0
L__main66:
0x0102	0x1C03      	BTFSS      STATUS, 0
0x0103	0x291D      	GOTO       L_main20
0x0104	0x3080      	MOVLW      128
0x0105	0x00F0      	MOVWF      R0
0x0106	0x3080      	MOVLW      128
0x0107	0x062D      	XORWF      _hoursOnes+1, 0
0x0108	0x0270      	SUBWF      R0, 0
0x0109	0x1D03      	BTFSS      STATUS, 2
0x010A	0x290D      	GOTO       L__main67
0x010B	0x082C      	MOVF       _hoursOnes, 0
0x010C	0x3C02      	SUBLW      2
L__main67:
0x010D	0x1803      	BTFSC      STATUS, 0
0x010E	0x291D      	GOTO       L_main20
L__main58:
;project_1.c,89 :: 		hoursTens = hoursTens - 1;
0x010F	0x3001      	MOVLW      1
0x0110	0x02A8      	SUBWF      _hoursTens, 1
0x0111	0x1C03      	BTFSS      STATUS, 0
0x0112	0x03A9      	DECF       _hoursTens+1, 1
;project_1.c,90 :: 		hoursOnes = hoursOnes - 2;
0x0113	0x3002      	MOVLW      2
0x0114	0x02AC      	SUBWF      _hoursOnes, 1
0x0115	0x1C03      	BTFSS      STATUS, 0
0x0116	0x03AD      	DECF       _hoursOnes+1, 1
;project_1.c,91 :: 		format = 0;
0x0117	0x01B6      	CLRF       _format
0x0118	0x01B7      	CLRF       _format+1
;project_1.c,92 :: 		period = 1;
0x0119	0x3001      	MOVLW      1
0x011A	0x00B2      	MOVWF      _period
0x011B	0x3000      	MOVLW      0
0x011C	0x00B3      	MOVWF      _period+1
;project_1.c,93 :: 		}
L_main20:
;project_1.c,94 :: 		}
L_main17:
L_main16:
;project_1.c,95 :: 		}
L_main13:
;project_1.c,96 :: 		}
L_main11:
;project_1.c,97 :: 		if(counter > maxCounter) {
0x011D	0x3080      	MOVLW      128
0x011E	0x0631      	XORWF      _maxCounter+1, 0
0x011F	0x00F0      	MOVWF      R0
0x0120	0x3080      	MOVLW      128
0x0121	0x0635      	XORWF      _counter+1, 0
0x0122	0x0270      	SUBWF      R0, 0
0x0123	0x1D03      	BTFSS      STATUS, 2
0x0124	0x2927      	GOTO       L__main68
0x0125	0x0834      	MOVF       _counter, 0
0x0126	0x0230      	SUBWF      _maxCounter, 0
L__main68:
0x0127	0x1803      	BTFSC      STATUS, 0
0x0128	0x2A1E      	GOTO       L_main21
;project_1.c,99 :: 		milliseconds++;
0x0129	0x0AA4      	INCF       _milliseconds, 1
0x012A	0x1903      	BTFSC      STATUS, 2
0x012B	0x0AA5      	INCF       _milliseconds+1, 1
;project_1.c,100 :: 		if (milliseconds > 999){
0x012C	0x3080      	MOVLW      128
0x012D	0x3A03      	XORLW      3
0x012E	0x00F0      	MOVWF      R0
0x012F	0x3080      	MOVLW      128
0x0130	0x0625      	XORWF      _milliseconds+1, 0
0x0131	0x0270      	SUBWF      R0, 0
0x0132	0x1D03      	BTFSS      STATUS, 2
0x0133	0x2936      	GOTO       L__main69
0x0134	0x0824      	MOVF       _milliseconds, 0
0x0135	0x3CE7      	SUBLW      231
L__main69:
0x0136	0x1803      	BTFSC      STATUS, 0
0x0137	0x2A1E      	GOTO       L_main22
;project_1.c,101 :: 		milliseconds = 0;
0x0138	0x01A4      	CLRF       _milliseconds
0x0139	0x01A5      	CLRF       _milliseconds+1
;project_1.c,102 :: 		secondsOnes++;
0x013A	0x0AA6      	INCF       _secondsOnes, 1
0x013B	0x1903      	BTFSC      STATUS, 2
0x013C	0x0AA7      	INCF       _secondsOnes+1, 1
;project_1.c,103 :: 		if(secondsOnes > 9) {
0x013D	0x3080      	MOVLW      128
0x013E	0x00F0      	MOVWF      R0
0x013F	0x3080      	MOVLW      128
0x0140	0x0627      	XORWF      _secondsOnes+1, 0
0x0141	0x0270      	SUBWF      R0, 0
0x0142	0x1D03      	BTFSS      STATUS, 2
0x0143	0x2946      	GOTO       L__main70
0x0144	0x0826      	MOVF       _secondsOnes, 0
0x0145	0x3C09      	SUBLW      9
L__main70:
0x0146	0x1803      	BTFSC      STATUS, 0
0x0147	0x2A1E      	GOTO       L_main23
;project_1.c,104 :: 		secondsOnes = 0;
0x0148	0x01A6      	CLRF       _secondsOnes
0x0149	0x01A7      	CLRF       _secondsOnes+1
;project_1.c,105 :: 		secondsTens++;
0x014A	0x0AA0      	INCF       _secondsTens, 1
0x014B	0x1903      	BTFSC      STATUS, 2
0x014C	0x0AA1      	INCF       _secondsTens+1, 1
;project_1.c,106 :: 		if(secondsTens > 5) {
0x014D	0x3080      	MOVLW      128
0x014E	0x00F0      	MOVWF      R0
0x014F	0x3080      	MOVLW      128
0x0150	0x0621      	XORWF      _secondsTens+1, 0
0x0151	0x0270      	SUBWF      R0, 0
0x0152	0x1D03      	BTFSS      STATUS, 2
0x0153	0x2956      	GOTO       L__main71
0x0154	0x0820      	MOVF       _secondsTens, 0
0x0155	0x3C05      	SUBLW      5
L__main71:
0x0156	0x1803      	BTFSC      STATUS, 0
0x0157	0x2A1E      	GOTO       L_main24
;project_1.c,107 :: 		secondsTens = 0;
0x0158	0x01A0      	CLRF       _secondsTens
0x0159	0x01A1      	CLRF       _secondsTens+1
;project_1.c,109 :: 		minutesOnes++;
0x015A	0x0AA2      	INCF       _minutesOnes, 1
0x015B	0x1903      	BTFSC      STATUS, 2
0x015C	0x0AA3      	INCF       _minutesOnes+1, 1
;project_1.c,110 :: 		if(minutesOnes > 9) {
0x015D	0x3080      	MOVLW      128
0x015E	0x00F0      	MOVWF      R0
0x015F	0x3080      	MOVLW      128
0x0160	0x0623      	XORWF      _minutesOnes+1, 0
0x0161	0x0270      	SUBWF      R0, 0
0x0162	0x1D03      	BTFSS      STATUS, 2
0x0163	0x2966      	GOTO       L__main72
0x0164	0x0822      	MOVF       _minutesOnes, 0
0x0165	0x3C09      	SUBLW      9
L__main72:
0x0166	0x1803      	BTFSC      STATUS, 0
0x0167	0x2A1E      	GOTO       L_main25
;project_1.c,111 :: 		minutesOnes = 0;
0x0168	0x01A2      	CLRF       _minutesOnes
0x0169	0x01A3      	CLRF       _minutesOnes+1
;project_1.c,112 :: 		minutesTens++;
0x016A	0x0AAA      	INCF       _minutesTens, 1
0x016B	0x1903      	BTFSC      STATUS, 2
0x016C	0x0AAB      	INCF       _minutesTens+1, 1
;project_1.c,113 :: 		if(minutesTens > 5) {
0x016D	0x3080      	MOVLW      128
0x016E	0x00F0      	MOVWF      R0
0x016F	0x3080      	MOVLW      128
0x0170	0x062B      	XORWF      _minutesTens+1, 0
0x0171	0x0270      	SUBWF      R0, 0
0x0172	0x1D03      	BTFSS      STATUS, 2
0x0173	0x2976      	GOTO       L__main73
0x0174	0x082A      	MOVF       _minutesTens, 0
0x0175	0x3C05      	SUBLW      5
L__main73:
0x0176	0x1803      	BTFSC      STATUS, 0
0x0177	0x2A1E      	GOTO       L_main26
;project_1.c,114 :: 		minutesTens = 0;
0x0178	0x01AA      	CLRF       _minutesTens
0x0179	0x01AB      	CLRF       _minutesTens+1
;project_1.c,116 :: 		hoursOnes++;
0x017A	0x0AAC      	INCF       _hoursOnes, 1
0x017B	0x1903      	BTFSC      STATUS, 2
0x017C	0x0AAD      	INCF       _hoursOnes+1, 1
;project_1.c,117 :: 		if(format == 0) { // 12hr format
0x017D	0x3000      	MOVLW      0
0x017E	0x0637      	XORWF      _format+1, 0
0x017F	0x1D03      	BTFSS      STATUS, 2
0x0180	0x2983      	GOTO       L__main74
0x0181	0x3000      	MOVLW      0
0x0182	0x0636      	XORWF      _format, 0
L__main74:
0x0183	0x1D03      	BTFSS      STATUS, 2
0x0184	0x29BC      	GOTO       L_main27
;project_1.c,118 :: 		if(hoursTens == 0 && hoursOnes > 9) {
0x0185	0x3000      	MOVLW      0
0x0186	0x0629      	XORWF      _hoursTens+1, 0
0x0187	0x1D03      	BTFSS      STATUS, 2
0x0188	0x298B      	GOTO       L__main75
0x0189	0x3000      	MOVLW      0
0x018A	0x0628      	XORWF      _hoursTens, 0
L__main75:
0x018B	0x1D03      	BTFSS      STATUS, 2
0x018C	0x299E      	GOTO       L_main30
0x018D	0x3080      	MOVLW      128
0x018E	0x00F0      	MOVWF      R0
0x018F	0x3080      	MOVLW      128
0x0190	0x062D      	XORWF      _hoursOnes+1, 0
0x0191	0x0270      	SUBWF      R0, 0
0x0192	0x1D03      	BTFSS      STATUS, 2
0x0193	0x2996      	GOTO       L__main76
0x0194	0x082C      	MOVF       _hoursOnes, 0
0x0195	0x3C09      	SUBLW      9
L__main76:
0x0196	0x1803      	BTFSC      STATUS, 0
0x0197	0x299E      	GOTO       L_main30
L__main57:
;project_1.c,119 :: 		hoursOnes = 0;
0x0198	0x01AC      	CLRF       _hoursOnes
0x0199	0x01AD      	CLRF       _hoursOnes+1
;project_1.c,120 :: 		hoursTens++;
0x019A	0x0AA8      	INCF       _hoursTens, 1
0x019B	0x1903      	BTFSC      STATUS, 2
0x019C	0x0AA9      	INCF       _hoursTens+1, 1
;project_1.c,121 :: 		} else if(hoursTens == 1 && hoursOnes > 2) {
0x019D	0x29BB      	GOTO       L_main31
L_main30:
0x019E	0x3000      	MOVLW      0
0x019F	0x0629      	XORWF      _hoursTens+1, 0
0x01A0	0x1D03      	BTFSS      STATUS, 2
0x01A1	0x29A4      	GOTO       L__main77
0x01A2	0x3001      	MOVLW      1
0x01A3	0x0628      	XORWF      _hoursTens, 0
L__main77:
0x01A4	0x1D03      	BTFSS      STATUS, 2
0x01A5	0x29BB      	GOTO       L_main34
0x01A6	0x3080      	MOVLW      128
0x01A7	0x00F0      	MOVWF      R0
0x01A8	0x3080      	MOVLW      128
0x01A9	0x062D      	XORWF      _hoursOnes+1, 0
0x01AA	0x0270      	SUBWF      R0, 0
0x01AB	0x1D03      	BTFSS      STATUS, 2
0x01AC	0x29AF      	GOTO       L__main78
0x01AD	0x082C      	MOVF       _hoursOnes, 0
0x01AE	0x3C02      	SUBLW      2
L__main78:
0x01AF	0x1803      	BTFSC      STATUS, 0
0x01B0	0x29BB      	GOTO       L_main34
L__main56:
;project_1.c,122 :: 		hoursOnes = 1;
0x01B1	0x3001      	MOVLW      1
0x01B2	0x00AC      	MOVWF      _hoursOnes
0x01B3	0x3000      	MOVLW      0
0x01B4	0x00AD      	MOVWF      _hoursOnes+1
;project_1.c,123 :: 		hoursTens = 0;
0x01B5	0x01A8      	CLRF       _hoursTens
0x01B6	0x01A9      	CLRF       _hoursTens+1
;project_1.c,124 :: 		period = period ^ 1; //XOR operation to flip period between 1 and 0
0x01B7	0x3001      	MOVLW      1
0x01B8	0x06B2      	XORWF      _period, 1
0x01B9	0x3000      	MOVLW      0
0x01BA	0x06B3      	XORWF      _period+1, 1
;project_1.c,125 :: 		}
L_main34:
L_main31:
;project_1.c,126 :: 		} else { // 24hr format
0x01BB	0x2A1E      	GOTO       L_main35
L_main27:
;project_1.c,127 :: 		if(hoursTens == 0 && hoursOnes > 9) {
0x01BC	0x3000      	MOVLW      0
0x01BD	0x0629      	XORWF      _hoursTens+1, 0
0x01BE	0x1D03      	BTFSS      STATUS, 2
0x01BF	0x29C2      	GOTO       L__main79
0x01C0	0x3000      	MOVLW      0
0x01C1	0x0628      	XORWF      _hoursTens, 0
L__main79:
0x01C2	0x1D03      	BTFSS      STATUS, 2
0x01C3	0x29D5      	GOTO       L_main38
0x01C4	0x3080      	MOVLW      128
0x01C5	0x00F0      	MOVWF      R0
0x01C6	0x3080      	MOVLW      128
0x01C7	0x062D      	XORWF      _hoursOnes+1, 0
0x01C8	0x0270      	SUBWF      R0, 0
0x01C9	0x1D03      	BTFSS      STATUS, 2
0x01CA	0x29CD      	GOTO       L__main80
0x01CB	0x082C      	MOVF       _hoursOnes, 0
0x01CC	0x3C09      	SUBLW      9
L__main80:
0x01CD	0x1803      	BTFSC      STATUS, 0
0x01CE	0x29D5      	GOTO       L_main38
L__main55:
;project_1.c,128 :: 		hoursOnes = 0;
0x01CF	0x01AC      	CLRF       _hoursOnes
0x01D0	0x01AD      	CLRF       _hoursOnes+1
;project_1.c,129 :: 		hoursTens++;
0x01D1	0x0AA8      	INCF       _hoursTens, 1
0x01D2	0x1903      	BTFSC      STATUS, 2
0x01D3	0x0AA9      	INCF       _hoursTens+1, 1
;project_1.c,130 :: 		} else if(hoursTens == 1 && hoursOnes == 2) {
0x01D4	0x2A1E      	GOTO       L_main39
L_main38:
0x01D5	0x3000      	MOVLW      0
0x01D6	0x0629      	XORWF      _hoursTens+1, 0
0x01D7	0x1D03      	BTFSS      STATUS, 2
0x01D8	0x29DB      	GOTO       L__main81
0x01D9	0x3001      	MOVLW      1
0x01DA	0x0628      	XORWF      _hoursTens, 0
L__main81:
0x01DB	0x1D03      	BTFSS      STATUS, 2
0x01DC	0x29EC      	GOTO       L_main42
0x01DD	0x3000      	MOVLW      0
0x01DE	0x062D      	XORWF      _hoursOnes+1, 0
0x01DF	0x1D03      	BTFSS      STATUS, 2
0x01E0	0x29E3      	GOTO       L__main82
0x01E1	0x3002      	MOVLW      2
0x01E2	0x062C      	XORWF      _hoursOnes, 0
L__main82:
0x01E3	0x1D03      	BTFSS      STATUS, 2
0x01E4	0x29EC      	GOTO       L_main42
L__main54:
;project_1.c,131 :: 		hoursOnes = 0;
0x01E5	0x01AC      	CLRF       _hoursOnes
0x01E6	0x01AD      	CLRF       _hoursOnes+1
;project_1.c,132 :: 		period = 1;
0x01E7	0x3001      	MOVLW      1
0x01E8	0x00B2      	MOVWF      _period
0x01E9	0x3000      	MOVLW      0
0x01EA	0x00B3      	MOVWF      _period+1
;project_1.c,133 :: 		} else if(hoursTens == 1 && hoursOnes > 9) {
0x01EB	0x2A1E      	GOTO       L_main43
L_main42:
0x01EC	0x3000      	MOVLW      0
0x01ED	0x0629      	XORWF      _hoursTens+1, 0
0x01EE	0x1D03      	BTFSS      STATUS, 2
0x01EF	0x29F2      	GOTO       L__main83
0x01F0	0x3001      	MOVLW      1
0x01F1	0x0628      	XORWF      _hoursTens, 0
L__main83:
0x01F2	0x1D03      	BTFSS      STATUS, 2
0x01F3	0x2A05      	GOTO       L_main46
0x01F4	0x3080      	MOVLW      128
0x01F5	0x00F0      	MOVWF      R0
0x01F6	0x3080      	MOVLW      128
0x01F7	0x062D      	XORWF      _hoursOnes+1, 0
0x01F8	0x0270      	SUBWF      R0, 0
0x01F9	0x1D03      	BTFSS      STATUS, 2
0x01FA	0x29FD      	GOTO       L__main84
0x01FB	0x082C      	MOVF       _hoursOnes, 0
0x01FC	0x3C09      	SUBLW      9
L__main84:
0x01FD	0x1803      	BTFSC      STATUS, 0
0x01FE	0x2A05      	GOTO       L_main46
L__main53:
;project_1.c,134 :: 		hoursOnes = 0;
0x01FF	0x01AC      	CLRF       _hoursOnes
0x0200	0x01AD      	CLRF       _hoursOnes+1
;project_1.c,135 :: 		hoursTens++;
0x0201	0x0AA8      	INCF       _hoursTens, 1
0x0202	0x1903      	BTFSC      STATUS, 2
0x0203	0x0AA9      	INCF       _hoursTens+1, 1
;project_1.c,136 :: 		} else if(hoursTens == 2 && hoursOnes > 3) {
0x0204	0x2A1E      	GOTO       L_main47
L_main46:
0x0205	0x3000      	MOVLW      0
0x0206	0x0629      	XORWF      _hoursTens+1, 0
0x0207	0x1D03      	BTFSS      STATUS, 2
0x0208	0x2A0B      	GOTO       L__main85
0x0209	0x3002      	MOVLW      2
0x020A	0x0628      	XORWF      _hoursTens, 0
L__main85:
0x020B	0x1D03      	BTFSS      STATUS, 2
0x020C	0x2A1E      	GOTO       L_main50
0x020D	0x3080      	MOVLW      128
0x020E	0x00F0      	MOVWF      R0
0x020F	0x3080      	MOVLW      128
0x0210	0x062D      	XORWF      _hoursOnes+1, 0
0x0211	0x0270      	SUBWF      R0, 0
0x0212	0x1D03      	BTFSS      STATUS, 2
0x0213	0x2A16      	GOTO       L__main86
0x0214	0x082C      	MOVF       _hoursOnes, 0
0x0215	0x3C03      	SUBLW      3
L__main86:
0x0216	0x1803      	BTFSC      STATUS, 0
0x0217	0x2A1E      	GOTO       L_main50
L__main52:
;project_1.c,137 :: 		hoursOnes = 0;
0x0218	0x01AC      	CLRF       _hoursOnes
0x0219	0x01AD      	CLRF       _hoursOnes+1
;project_1.c,138 :: 		hoursTens = 0;
0x021A	0x01A8      	CLRF       _hoursTens
0x021B	0x01A9      	CLRF       _hoursTens+1
;project_1.c,139 :: 		period = 0;
0x021C	0x01B2      	CLRF       _period
0x021D	0x01B3      	CLRF       _period+1
;project_1.c,140 :: 		}
L_main50:
L_main47:
L_main43:
L_main39:
;project_1.c,141 :: 		}
L_main35:
;project_1.c,142 :: 		}
L_main26:
;project_1.c,143 :: 		}
L_main25:
;project_1.c,144 :: 		}
L_main24:
;project_1.c,145 :: 		}
L_main23:
;project_1.c,146 :: 		}
L_main22:
;project_1.c,147 :: 		}
L_main21:
;project_1.c,149 :: 		counter++;
0x021E	0x0AB4      	INCF       _counter, 1
0x021F	0x1903      	BTFSC      STATUS, 2
0x0220	0x0AB5      	INCF       _counter+1, 1
;project_1.c,150 :: 		if(counter > maxCounter) {
0x0221	0x3080      	MOVLW      128
0x0222	0x0631      	XORWF      _maxCounter+1, 0
0x0223	0x00F0      	MOVWF      R0
0x0224	0x3080      	MOVLW      128
0x0225	0x0635      	XORWF      _counter+1, 0
0x0226	0x0270      	SUBWF      R0, 0
0x0227	0x1D03      	BTFSS      STATUS, 2
0x0228	0x2A2B      	GOTO       L__main87
0x0229	0x0834      	MOVF       _counter, 0
0x022A	0x0230      	SUBWF      _maxCounter, 0
L__main87:
0x022B	0x1803      	BTFSC      STATUS, 0
0x022C	0x2A2F      	GOTO       L_main51
;project_1.c,151 :: 		counter = 0;
0x022D	0x01B4      	CLRF       _counter
0x022E	0x01B5      	CLRF       _counter+1
;project_1.c,152 :: 		}
L_main51:
;project_1.c,153 :: 		display();
0x022F	0x2016      	CALL       _display
;project_1.c,154 :: 		}
0x0230	0x2897      	GOTO       L_main0
;project_1.c,155 :: 		}
L_end_main:
0x0231	0x2A31      	GOTO       $+0
; end of _main
0x0264	0x3020      	MOVLW      32
0x0265	0x0084      	MOVWF      FSR
0x0266	0x302C      	MOVLW      44
0x0267	0x1283      	BCF        STATUS, 5
0x0268	0x1303      	BCF        STATUS, 6
0x0269	0x00F0      	MOVWF      R0
0x026A	0x3037      	MOVLW      55
0x026B	0x00CC      	MOVWF      ___DoICPAddr
0x026C	0x3002      	MOVLW      2
0x026D	0x00CD      	MOVWF      77
0x026E	0x200A      	CALL       10
0x026F	0x0008      	RETURN
;project_1.c,0 :: ?ICS_secondsTens
0x0237	0x3400 ;?ICS_secondsTens+0
0x0238	0x3400 ;?ICS_secondsTens+1
; end of ?ICS_secondsTens
;project_1.c,0 :: ?ICS_minutesOnes
0x0239	0x3405 ;?ICS_minutesOnes+0
0x023A	0x3400 ;?ICS_minutesOnes+1
; end of ?ICS_minutesOnes
;project_1.c,0 :: ?ICS_milliseconds
0x023B	0x3400 ;?ICS_milliseconds+0
0x023C	0x3400 ;?ICS_milliseconds+1
; end of ?ICS_milliseconds
;project_1.c,0 :: ?ICS_secondsOnes
0x023D	0x3400 ;?ICS_secondsOnes+0
0x023E	0x3400 ;?ICS_secondsOnes+1
; end of ?ICS_secondsOnes
;project_1.c,0 :: ?ICS_hoursTens
0x023F	0x3400 ;?ICS_hoursTens+0
0x0240	0x3400 ;?ICS_hoursTens+1
; end of ?ICS_hoursTens
;project_1.c,0 :: ?ICS_minutesTens
0x0241	0x3404 ;?ICS_minutesTens+0
0x0242	0x3400 ;?ICS_minutesTens+1
; end of ?ICS_minutesTens
;project_1.c,0 :: ?ICS_hoursOnes
0x0243	0x3405 ;?ICS_hoursOnes+0
0x0244	0x3400 ;?ICS_hoursOnes+1
; end of ?ICS_hoursOnes
;project_1.c,0 :: ?ICS_on
0x0245	0x3401 ;?ICS_on+0
0x0246	0x3400 ;?ICS_on+1
; end of ?ICS_on
;project_1.c,0 :: ?ICS_maxCounter
0x0247	0x3400 ;?ICS_maxCounter+0
0x0248	0x3484 ;?ICS_maxCounter+1
; end of ?ICS_maxCounter
;project_1.c,0 :: ?ICS_period
0x0249	0x3401 ;?ICS_period+0
0x024A	0x3400 ;?ICS_period+1
; end of ?ICS_period
;project_1.c,0 :: ?ICS_counter
0x024B	0x3400 ;?ICS_counter+0
0x024C	0x3400 ;?ICS_counter+1
; end of ?ICS_counter
;project_1.c,0 :: ?ICS_format
0x024D	0x3400 ;?ICS_format+0
0x024E	0x3400 ;?ICS_format+1
; end of ?ICS_format
;project_1.c,0 :: ?ICS_sevenSeg
0x024F	0x343F ;?ICS_sevenSeg+0
0x0250	0x3400 ;?ICS_sevenSeg+1
0x0251	0x3406 ;?ICS_sevenSeg+2
0x0252	0x3400 ;?ICS_sevenSeg+3
0x0253	0x345B ;?ICS_sevenSeg+4
0x0254	0x3400 ;?ICS_sevenSeg+5
0x0255	0x344F ;?ICS_sevenSeg+6
0x0256	0x3400 ;?ICS_sevenSeg+7
0x0257	0x3466 ;?ICS_sevenSeg+8
0x0258	0x3400 ;?ICS_sevenSeg+9
0x0259	0x346D ;?ICS_sevenSeg+10
0x025A	0x3400 ;?ICS_sevenSeg+11
0x025B	0x347D ;?ICS_sevenSeg+12
0x025C	0x3400 ;?ICS_sevenSeg+13
0x025D	0x3407 ;?ICS_sevenSeg+14
0x025E	0x3400 ;?ICS_sevenSeg+15
0x025F	0x347F ;?ICS_sevenSeg+16
0x0260	0x3400 ;?ICS_sevenSeg+17
0x0261	0x346F ;?ICS_sevenSeg+18
0x0262	0x3400 ;?ICS_sevenSeg+19
; end of ?ICS_sevenSeg
Symbol List:
//** Routines locations **
//ADDRESS    SIZE    PROCEDURE
//----------------------------------------------
0x0003       [7]    _____DoICP
0x000A      [12]    ___CC2DW
0x0016     [101]    _display
0x007B      [21]    _reset
0x0090     [417]    _main
//** Variables locations ** 
//ADDRESS    SIZE    VARIABLE
//----------------------------------------------
0x0000       [1]    INDF
0x0002       [1]    PCL
0x0003       [1]    STATUS
0x0004       [1]    FSR
0x0006       [1]    PORTB
0x0007       [1]    PORTC
0x0008       [1]    PORTD
0x000A       [1]    PCLATH
0x0020       [2]    _secondsTens
0x0022       [2]    _minutesOnes
0x0024       [2]    _milliseconds
0x0026       [2]    _secondsOnes
0x0028       [2]    _hoursTens
0x002A       [2]    _minutesTens
0x002C       [2]    _hoursOnes
0x002E       [2]    _on
0x0030       [2]    _maxCounter
0x0032       [2]    _period
0x0034       [2]    _counter
0x0036       [2]    _format
0x0038      [20]    _sevenSeg
0x004C       [2]    ___DoICPAddr
0x0070       [1]    R0
0x0071       [1]    R1
0x0072       [1]    R2
0x0073       [1]    R3
0x0074       [1]    R4
0x0075       [1]    R5
0x0076       [1]    R6
0x0077       [1]    R7
0x0078       [1]    R8
0x0079       [1]    R9
0x007A       [1]    R10
0x007B       [1]    R11
0x007C       [1]    R12
0x007D       [1]    R13
0x007E       [1]    R14
0x007F       [1]    R15
0x0086       [1]    TRISB
0x0087       [1]    TRISC
0x0088       [1]    TRISD
//** Constants locations ** 
//ADDRESS    SIZE    CONSTANT
//----------------------------------------------
0x0237       [2]    ?ICS_secondsTens
0x0239       [2]    ?ICS_minutesOnes
0x023B       [2]    ?ICS_milliseconds
0x023D       [2]    ?ICS_secondsOnes
0x023F       [2]    ?ICS_hoursTens
0x0241       [2]    ?ICS_minutesTens
0x0243       [2]    ?ICS_hoursOnes
0x0245       [2]    ?ICS_on
0x0247       [2]    ?ICS_maxCounter
0x0249       [2]    ?ICS_period
0x024B       [2]    ?ICS_counter
0x024D       [2]    ?ICS_format
0x024F      [20]    ?ICS_sevenSeg
